[2022-03-05 17:27:08,910] {manager.py:514} INFO - Processing files using up to 2 processes at a time 
[2022-03-05 17:27:08,912] {manager.py:515} INFO - Process each file at most once every 30 seconds
[2022-03-05 17:27:08,913] {manager.py:517} INFO - Checking for new files in /opt/airflow/dags every 300 seconds
[2022-03-05 17:27:08,914] {manager.py:663} INFO - Searching for files in /opt/airflow/dags
[2022-03-05 17:27:08,918] {manager.py:666} INFO - There are 0 files in /opt/airflow/dags
[2022-03-05 17:28:55,167] {manager.py:514} INFO - Processing files using up to 2 processes at a time 
[2022-03-05 17:28:55,168] {manager.py:515} INFO - Process each file at most once every 30 seconds
[2022-03-05 17:28:55,170] {manager.py:517} INFO - Checking for new files in /opt/airflow/dags every 300 seconds
[2022-03-05 17:28:55,172] {manager.py:663} INFO - Searching for files in /opt/airflow/dags
[2022-03-05 17:28:55,177] {manager.py:666} INFO - There are 0 files in /opt/airflow/dags
[2022-03-05 17:30:21,160] {manager.py:514} INFO - Processing files using up to 2 processes at a time 
[2022-03-05 17:30:21,162] {manager.py:515} INFO - Process each file at most once every 30 seconds
[2022-03-05 17:30:21,163] {manager.py:517} INFO - Checking for new files in /opt/airflow/dags every 300 seconds
[2022-03-05 17:30:21,165] {manager.py:663} INFO - Searching for files in /opt/airflow/dags
[2022-03-05 17:30:21,168] {manager.py:666} INFO - There are 0 files in /opt/airflow/dags
[2022-03-05 17:32:23,518] {manager.py:514} INFO - Processing files using up to 2 processes at a time 
[2022-03-05 17:32:23,522] {manager.py:515} INFO - Process each file at most once every 30 seconds
[2022-03-05 17:32:23,524] {manager.py:517} INFO - Checking for new files in /opt/airflow/dags every 300 seconds
[2022-03-05 17:32:23,526] {manager.py:663} INFO - Searching for files in /opt/airflow/dags
[2022-03-05 17:32:23,528] {manager.py:666} INFO - There are 0 files in /opt/airflow/dags
[2022-03-05 17:40:07,893] {manager.py:514} INFO - Processing files using up to 2 processes at a time 
[2022-03-05 17:40:07,895] {manager.py:515} INFO - Process each file at most once every 30 seconds
[2022-03-05 17:40:07,898] {manager.py:517} INFO - Checking for new files in /opt/airflow/dags every 300 seconds
[2022-03-05 17:40:07,900] {manager.py:663} INFO - Searching for files in /opt/airflow/dags
[2022-03-05 17:40:07,906] {manager.py:666} INFO - There are 0 files in /opt/airflow/dags
[2022-03-05 17:40:07,943] {manager.py:1065} INFO - Finding 'running' jobs without a recent heartbeat
[2022-03-05 17:40:07,947] {manager.py:1069} INFO - Failing jobs without heartbeat after 2022-03-05 17:35:07.946840+00:00
[2022-03-05 17:40:18,948] {manager.py:1065} INFO - Finding 'running' jobs without a recent heartbeat
[2022-03-05 17:40:18,950] {manager.py:1069} INFO - Failing jobs without heartbeat after 2022-03-05 17:35:18.950850+00:00
[2022-03-05 17:40:29,006] {manager.py:1065} INFO - Finding 'running' jobs without a recent heartbeat
[2022-03-05 17:40:29,009] {manager.py:1069} INFO - Failing jobs without heartbeat after 2022-03-05 17:35:29.009495+00:00
[2022-03-05 17:40:39,054] {manager.py:1065} INFO - Finding 'running' jobs without a recent heartbeat
[2022-03-05 17:40:39,055] {manager.py:1069} INFO - Failing jobs without heartbeat after 2022-03-05 17:35:39.055631+00:00
[2022-03-05 17:41:16,772] {manager.py:514} INFO - Processing files using up to 2 processes at a time 
[2022-03-05 17:41:16,773] {manager.py:515} INFO - Process each file at most once every 30 seconds
[2022-03-05 17:41:16,775] {manager.py:517} INFO - Checking for new files in /opt/airflow/dags every 300 seconds
[2022-03-05 17:41:16,778] {manager.py:663} INFO - Searching for files in /opt/airflow/dags
[2022-03-05 17:41:16,782] {manager.py:666} INFO - There are 0 files in /opt/airflow/dags
[2022-03-05 17:41:16,821] {manager.py:1065} INFO - Finding 'running' jobs without a recent heartbeat
[2022-03-05 17:41:16,823] {manager.py:1069} INFO - Failing jobs without heartbeat after 2022-03-05 17:36:16.823280+00:00
[2022-03-05 17:41:26,866] {manager.py:1065} INFO - Finding 'running' jobs without a recent heartbeat
[2022-03-05 17:41:26,868] {manager.py:1069} INFO - Failing jobs without heartbeat after 2022-03-05 17:36:26.868798+00:00
[2022-03-05 17:41:36,904] {manager.py:1065} INFO - Finding 'running' jobs without a recent heartbeat
[2022-03-05 17:41:36,906] {manager.py:1069} INFO - Failing jobs without heartbeat after 2022-03-05 17:36:36.906235+00:00
[2022-03-05 17:41:46,925] {manager.py:1065} INFO - Finding 'running' jobs without a recent heartbeat
[2022-03-05 17:41:46,928] {manager.py:1069} INFO - Failing jobs without heartbeat after 2022-03-05 17:36:46.928051+00:00
[2022-03-05 17:41:56,958] {manager.py:1065} INFO - Finding 'running' jobs without a recent heartbeat
[2022-03-05 17:41:56,959] {manager.py:1069} INFO - Failing jobs without heartbeat after 2022-03-05 17:36:56.959890+00:00
[2022-03-05 17:42:06,993] {manager.py:1065} INFO - Finding 'running' jobs without a recent heartbeat
[2022-03-05 17:42:06,995] {manager.py:1069} INFO - Failing jobs without heartbeat after 2022-03-05 17:37:06.995326+00:00
[2022-03-05 17:42:17,937] {manager.py:1065} INFO - Finding 'running' jobs without a recent heartbeat
[2022-03-05 17:42:17,939] {manager.py:1069} INFO - Failing jobs without heartbeat after 2022-03-05 17:37:17.939688+00:00
[2022-03-05 17:42:27,980] {manager.py:1065} INFO - Finding 'running' jobs without a recent heartbeat
[2022-03-05 17:42:27,982] {manager.py:1069} INFO - Failing jobs without heartbeat after 2022-03-05 17:37:27.982647+00:00
[2022-03-05 17:42:38,025] {manager.py:1065} INFO - Finding 'running' jobs without a recent heartbeat
[2022-03-05 17:42:38,028] {manager.py:1069} INFO - Failing jobs without heartbeat after 2022-03-05 17:37:38.028522+00:00
[2022-03-05 17:42:48,055] {manager.py:1065} INFO - Finding 'running' jobs without a recent heartbeat
[2022-03-05 17:42:48,057] {manager.py:1069} INFO - Failing jobs without heartbeat after 2022-03-05 17:37:48.057629+00:00
[2022-03-05 17:42:58,103] {manager.py:1065} INFO - Finding 'running' jobs without a recent heartbeat
[2022-03-05 17:42:58,104] {manager.py:1069} INFO - Failing jobs without heartbeat after 2022-03-05 17:37:58.104835+00:00
[2022-03-05 17:43:08,142] {manager.py:1065} INFO - Finding 'running' jobs without a recent heartbeat
[2022-03-05 17:43:08,145] {manager.py:1069} INFO - Failing jobs without heartbeat after 2022-03-05 17:38:08.144983+00:00
[2022-03-05 17:43:39,941] {manager.py:514} INFO - Processing files using up to 2 processes at a time 
[2022-03-05 17:43:39,942] {manager.py:515} INFO - Process each file at most once every 30 seconds
[2022-03-05 17:43:39,944] {manager.py:517} INFO - Checking for new files in /opt/airflow/dags every 300 seconds
[2022-03-05 17:43:39,946] {manager.py:663} INFO - Searching for files in /opt/airflow/dags
[2022-03-05 17:43:39,950] {manager.py:666} INFO - There are 0 files in /opt/airflow/dags
[2022-03-05 17:43:39,983] {manager.py:1065} INFO - Finding 'running' jobs without a recent heartbeat
[2022-03-05 17:43:39,985] {manager.py:1069} INFO - Failing jobs without heartbeat after 2022-03-05 17:38:39.985423+00:00
[2022-03-05 17:43:50,986] {manager.py:1065} INFO - Finding 'running' jobs without a recent heartbeat
[2022-03-05 17:43:50,988] {manager.py:1069} INFO - Failing jobs without heartbeat after 2022-03-05 17:38:50.988824+00:00
[2022-03-05 17:44:01,031] {manager.py:1065} INFO - Finding 'running' jobs without a recent heartbeat
[2022-03-05 17:44:01,032] {manager.py:1069} INFO - Failing jobs without heartbeat after 2022-03-05 17:39:01.032690+00:00
[2022-03-05 17:44:11,089] {manager.py:1065} INFO - Finding 'running' jobs without a recent heartbeat
[2022-03-05 17:44:11,091] {manager.py:1069} INFO - Failing jobs without heartbeat after 2022-03-05 17:39:11.091240+00:00
[2022-03-05 17:44:21,122] {manager.py:1065} INFO - Finding 'running' jobs without a recent heartbeat
[2022-03-05 17:44:21,124] {manager.py:1069} INFO - Failing jobs without heartbeat after 2022-03-05 17:39:21.124388+00:00
[2022-03-05 17:44:31,159] {manager.py:1065} INFO - Finding 'running' jobs without a recent heartbeat
[2022-03-05 17:44:31,162] {manager.py:1069} INFO - Failing jobs without heartbeat after 2022-03-05 17:39:31.162367+00:00
[2022-03-05 17:44:41,200] {manager.py:1065} INFO - Finding 'running' jobs without a recent heartbeat
[2022-03-05 17:44:41,203] {manager.py:1069} INFO - Failing jobs without heartbeat after 2022-03-05 17:39:41.203196+00:00
[2022-03-05 17:44:51,226] {manager.py:1065} INFO - Finding 'running' jobs without a recent heartbeat
[2022-03-05 17:44:51,228] {manager.py:1069} INFO - Failing jobs without heartbeat after 2022-03-05 17:39:51.228504+00:00
[2022-03-05 17:45:32,546] {manager.py:514} INFO - Processing files using up to 2 processes at a time 
[2022-03-05 17:45:32,547] {manager.py:515} INFO - Process each file at most once every 30 seconds
[2022-03-05 17:45:32,549] {manager.py:517} INFO - Checking for new files in /opt/airflow/dags every 300 seconds
[2022-03-05 17:45:32,552] {manager.py:663} INFO - Searching for files in /opt/airflow/dags
[2022-03-05 17:45:32,556] {manager.py:666} INFO - There are 0 files in /opt/airflow/dags
[2022-03-05 17:45:32,595] {manager.py:1065} INFO - Finding 'running' jobs without a recent heartbeat
[2022-03-05 17:45:32,597] {manager.py:1069} INFO - Failing jobs without heartbeat after 2022-03-05 17:40:32.597403+00:00
[2022-03-05 17:47:10,730] {manager.py:514} INFO - Processing files using up to 2 processes at a time 
[2022-03-05 17:47:10,731] {manager.py:515} INFO - Process each file at most once every 30 seconds
[2022-03-05 17:47:10,733] {manager.py:517} INFO - Checking for new files in /opt/airflow/dags every 300 seconds
[2022-03-05 17:47:10,735] {manager.py:663} INFO - Searching for files in /opt/airflow/dags
[2022-03-05 17:47:10,739] {manager.py:666} INFO - There are 0 files in /opt/airflow/dags
[2022-03-05 17:47:10,779] {manager.py:1065} INFO - Finding 'running' jobs without a recent heartbeat
[2022-03-05 17:47:10,781] {manager.py:1069} INFO - Failing jobs without heartbeat after 2022-03-05 17:42:10.781288+00:00
[2022-03-05 17:48:49,240] {manager.py:514} INFO - Processing files using up to 2 processes at a time 
[2022-03-05 17:48:49,241] {manager.py:515} INFO - Process each file at most once every 30 seconds
[2022-03-05 17:48:49,243] {manager.py:517} INFO - Checking for new files in /opt/airflow/dags every 300 seconds
[2022-03-05 17:48:49,245] {manager.py:663} INFO - Searching for files in /opt/airflow/dags
[2022-03-05 17:48:49,249] {manager.py:666} INFO - There are 0 files in /opt/airflow/dags
[2022-03-05 17:48:49,289] {manager.py:1065} INFO - Finding 'running' jobs without a recent heartbeat
[2022-03-05 17:48:49,291] {manager.py:1069} INFO - Failing jobs without heartbeat after 2022-03-05 17:43:49.291421+00:00
[2022-03-05 17:49:58,730] {manager.py:514} INFO - Processing files using up to 2 processes at a time 
[2022-03-05 17:49:58,731] {manager.py:515} INFO - Process each file at most once every 30 seconds
[2022-03-05 17:49:58,733] {manager.py:517} INFO - Checking for new files in /opt/airflow/dags every 300 seconds
[2022-03-05 17:49:58,734] {manager.py:663} INFO - Searching for files in /opt/airflow/dags
[2022-03-05 17:49:58,738] {manager.py:666} INFO - There are 0 files in /opt/airflow/dags
[2022-03-05 17:49:58,779] {manager.py:1065} INFO - Finding 'running' jobs without a recent heartbeat
[2022-03-05 17:49:58,781] {manager.py:1069} INFO - Failing jobs without heartbeat after 2022-03-05 17:44:58.781894+00:00
[2022-03-05 17:50:59,485] {manager.py:514} INFO - Processing files using up to 2 processes at a time 
[2022-03-05 17:50:59,487] {manager.py:515} INFO - Process each file at most once every 30 seconds
[2022-03-05 17:50:59,489] {manager.py:517} INFO - Checking for new files in /opt/airflow/dags every 300 seconds
[2022-03-05 17:50:59,490] {manager.py:663} INFO - Searching for files in /opt/airflow/dags
[2022-03-05 17:50:59,497] {manager.py:666} INFO - There are 0 files in /opt/airflow/dags
[2022-03-05 17:50:59,535] {manager.py:1065} INFO - Finding 'running' jobs without a recent heartbeat
[2022-03-05 17:50:59,537] {manager.py:1069} INFO - Failing jobs without heartbeat after 2022-03-05 17:45:59.537277+00:00
[2022-03-05 17:51:09,582] {manager.py:1065} INFO - Finding 'running' jobs without a recent heartbeat
[2022-03-05 17:51:09,584] {manager.py:1069} INFO - Failing jobs without heartbeat after 2022-03-05 17:46:09.584346+00:00
[2022-03-05 17:51:20,566] {manager.py:1065} INFO - Finding 'running' jobs without a recent heartbeat
[2022-03-05 17:51:20,568] {manager.py:1069} INFO - Failing jobs without heartbeat after 2022-03-05 17:46:20.568135+00:00
[2022-03-05 17:51:30,615] {manager.py:1065} INFO - Finding 'running' jobs without a recent heartbeat
[2022-03-05 17:51:30,617] {manager.py:1069} INFO - Failing jobs without heartbeat after 2022-03-05 17:46:30.617814+00:00
[2022-03-05 17:51:40,675] {manager.py:1065} INFO - Finding 'running' jobs without a recent heartbeat
[2022-03-05 17:51:40,677] {manager.py:1069} INFO - Failing jobs without heartbeat after 2022-03-05 17:46:40.677748+00:00
[2022-03-05 17:51:50,696] {manager.py:1065} INFO - Finding 'running' jobs without a recent heartbeat
[2022-03-05 17:51:50,698] {manager.py:1069} INFO - Failing jobs without heartbeat after 2022-03-05 17:46:50.698551+00:00
[2022-03-05 17:52:00,733] {manager.py:1065} INFO - Finding 'running' jobs without a recent heartbeat
[2022-03-05 17:52:00,735] {manager.py:1069} INFO - Failing jobs without heartbeat after 2022-03-05 17:47:00.735922+00:00
[2022-03-05 17:52:11,350] {manager.py:1065} INFO - Finding 'running' jobs without a recent heartbeat
[2022-03-05 17:52:11,352] {manager.py:1069} INFO - Failing jobs without heartbeat after 2022-03-05 17:47:11.352673+00:00
[2022-03-05 17:52:21,365] {manager.py:1065} INFO - Finding 'running' jobs without a recent heartbeat
[2022-03-05 17:52:21,367] {manager.py:1069} INFO - Failing jobs without heartbeat after 2022-03-05 17:47:21.367591+00:00
[2022-03-05 17:52:31,411] {manager.py:1065} INFO - Finding 'running' jobs without a recent heartbeat
[2022-03-05 17:52:31,414] {manager.py:1069} INFO - Failing jobs without heartbeat after 2022-03-05 17:47:31.413988+00:00
[2022-03-05 17:52:41,454] {manager.py:1065} INFO - Finding 'running' jobs without a recent heartbeat
[2022-03-05 17:52:41,456] {manager.py:1069} INFO - Failing jobs without heartbeat after 2022-03-05 17:47:41.456501+00:00
[2022-03-05 17:52:51,476] {manager.py:1065} INFO - Finding 'running' jobs without a recent heartbeat
[2022-03-05 17:52:51,478] {manager.py:1069} INFO - Failing jobs without heartbeat after 2022-03-05 17:47:51.478434+00:00
[2022-03-05 17:53:01,517] {manager.py:1065} INFO - Finding 'running' jobs without a recent heartbeat
[2022-03-05 17:53:01,519] {manager.py:1069} INFO - Failing jobs without heartbeat after 2022-03-05 17:48:01.519443+00:00
[2022-03-05 17:53:11,561] {manager.py:1065} INFO - Finding 'running' jobs without a recent heartbeat
[2022-03-05 17:53:11,563] {manager.py:1069} INFO - Failing jobs without heartbeat after 2022-03-05 17:48:11.562966+00:00
[2022-03-05 17:53:21,584] {manager.py:1065} INFO - Finding 'running' jobs without a recent heartbeat
[2022-03-05 17:53:21,585] {manager.py:1069} INFO - Failing jobs without heartbeat after 2022-03-05 17:48:21.585950+00:00
[2022-03-05 17:53:31,634] {manager.py:1065} INFO - Finding 'running' jobs without a recent heartbeat
[2022-03-05 17:53:31,636] {manager.py:1069} INFO - Failing jobs without heartbeat after 2022-03-05 17:48:31.636706+00:00
[2022-03-05 17:53:41,676] {manager.py:1065} INFO - Finding 'running' jobs without a recent heartbeat
[2022-03-05 17:53:41,679] {manager.py:1069} INFO - Failing jobs without heartbeat after 2022-03-05 17:48:41.679748+00:00
[2022-03-05 17:53:52,683] {manager.py:1065} INFO - Finding 'running' jobs without a recent heartbeat
[2022-03-05 17:53:52,685] {manager.py:1069} INFO - Failing jobs without heartbeat after 2022-03-05 17:48:52.685786+00:00
[2022-03-05 17:54:02,724] {manager.py:1065} INFO - Finding 'running' jobs without a recent heartbeat
[2022-03-05 17:54:02,726] {manager.py:1069} INFO - Failing jobs without heartbeat after 2022-03-05 17:49:02.726792+00:00
[2022-03-05 17:54:12,762] {manager.py:1065} INFO - Finding 'running' jobs without a recent heartbeat
[2022-03-05 17:54:12,764] {manager.py:1069} INFO - Failing jobs without heartbeat after 2022-03-05 17:49:12.764289+00:00
[2022-03-05 17:54:23,762] {manager.py:1065} INFO - Finding 'running' jobs without a recent heartbeat
[2022-03-05 17:54:23,764] {manager.py:1069} INFO - Failing jobs without heartbeat after 2022-03-05 17:49:23.764100+00:00
[2022-03-05 17:54:33,804] {manager.py:1065} INFO - Finding 'running' jobs without a recent heartbeat
[2022-03-05 17:54:33,806] {manager.py:1069} INFO - Failing jobs without heartbeat after 2022-03-05 17:49:33.806027+00:00
[2022-03-05 17:54:43,843] {manager.py:1065} INFO - Finding 'running' jobs without a recent heartbeat
[2022-03-05 17:54:43,844] {manager.py:1069} INFO - Failing jobs without heartbeat after 2022-03-05 17:49:43.844822+00:00
[2022-03-05 17:54:53,859] {manager.py:1065} INFO - Finding 'running' jobs without a recent heartbeat
[2022-03-05 17:54:53,861] {manager.py:1069} INFO - Failing jobs without heartbeat after 2022-03-05 17:49:53.860954+00:00
[2022-03-05 17:55:03,906] {manager.py:1065} INFO - Finding 'running' jobs without a recent heartbeat
[2022-03-05 17:55:03,909] {manager.py:1069} INFO - Failing jobs without heartbeat after 2022-03-05 17:50:03.908988+00:00
[2022-03-05 17:55:13,957] {manager.py:1065} INFO - Finding 'running' jobs without a recent heartbeat
[2022-03-05 17:55:13,959] {manager.py:1069} INFO - Failing jobs without heartbeat after 2022-03-05 17:50:13.959739+00:00
[2022-03-05 17:55:23,986] {manager.py:1065} INFO - Finding 'running' jobs without a recent heartbeat
[2022-03-05 17:55:23,988] {manager.py:1069} INFO - Failing jobs without heartbeat after 2022-03-05 17:50:23.988688+00:00
[2022-03-05 17:55:34,039] {manager.py:1065} INFO - Finding 'running' jobs without a recent heartbeat
[2022-03-05 17:55:34,041] {manager.py:1069} INFO - Failing jobs without heartbeat after 2022-03-05 17:50:34.041109+00:00
[2022-03-05 17:55:44,075] {manager.py:1065} INFO - Finding 'running' jobs without a recent heartbeat
[2022-03-05 17:55:44,077] {manager.py:1069} INFO - Failing jobs without heartbeat after 2022-03-05 17:50:44.077426+00:00
[2022-03-05 17:55:54,101] {manager.py:1065} INFO - Finding 'running' jobs without a recent heartbeat
[2022-03-05 17:55:54,103] {manager.py:1069} INFO - Failing jobs without heartbeat after 2022-03-05 17:50:54.103441+00:00
[2022-03-05 17:56:00,129] {manager.py:663} INFO - Searching for files in /opt/airflow/dags
[2022-03-05 17:56:00,133] {manager.py:666} INFO - There are 0 files in /opt/airflow/dags
[2022-03-05 17:56:04,151] {manager.py:1065} INFO - Finding 'running' jobs without a recent heartbeat
[2022-03-05 17:56:04,153] {manager.py:1069} INFO - Failing jobs without heartbeat after 2022-03-05 17:51:04.153694+00:00
[2022-03-05 17:56:14,193] {manager.py:1065} INFO - Finding 'running' jobs without a recent heartbeat
[2022-03-05 17:56:14,195] {manager.py:1069} INFO - Failing jobs without heartbeat after 2022-03-05 17:51:14.195304+00:00
[2022-03-05 17:56:24,211] {manager.py:1065} INFO - Finding 'running' jobs without a recent heartbeat
[2022-03-05 17:56:24,213] {manager.py:1069} INFO - Failing jobs without heartbeat after 2022-03-05 17:51:24.213350+00:00
[2022-03-05 17:56:34,256] {manager.py:1065} INFO - Finding 'running' jobs without a recent heartbeat
[2022-03-05 17:56:34,259] {manager.py:1069} INFO - Failing jobs without heartbeat after 2022-03-05 17:51:34.259139+00:00
[2022-03-05 17:56:44,297] {manager.py:1065} INFO - Finding 'running' jobs without a recent heartbeat
[2022-03-05 17:56:44,299] {manager.py:1069} INFO - Failing jobs without heartbeat after 2022-03-05 17:51:44.298991+00:00
[2022-03-05 17:56:54,318] {manager.py:1065} INFO - Finding 'running' jobs without a recent heartbeat
[2022-03-05 17:56:54,319] {manager.py:1069} INFO - Failing jobs without heartbeat after 2022-03-05 17:51:54.319905+00:00
[2022-03-05 17:57:04,360] {manager.py:1065} INFO - Finding 'running' jobs without a recent heartbeat
[2022-03-05 17:57:04,362] {manager.py:1069} INFO - Failing jobs without heartbeat after 2022-03-05 17:52:04.362735+00:00
[2022-03-05 17:57:14,403] {manager.py:1065} INFO - Finding 'running' jobs without a recent heartbeat
[2022-03-05 17:57:14,405] {manager.py:1069} INFO - Failing jobs without heartbeat after 2022-03-05 17:52:14.405218+00:00
[2022-03-05 17:57:24,428] {manager.py:1065} INFO - Finding 'running' jobs without a recent heartbeat
[2022-03-05 17:57:24,430] {manager.py:1069} INFO - Failing jobs without heartbeat after 2022-03-05 17:52:24.430036+00:00
[2022-03-05 17:57:34,465] {manager.py:1065} INFO - Finding 'running' jobs without a recent heartbeat
[2022-03-05 17:57:34,468] {manager.py:1069} INFO - Failing jobs without heartbeat after 2022-03-05 17:52:34.468207+00:00
[2022-03-05 17:57:44,526] {manager.py:1065} INFO - Finding 'running' jobs without a recent heartbeat
[2022-03-05 17:57:44,528] {manager.py:1069} INFO - Failing jobs without heartbeat after 2022-03-05 17:52:44.528603+00:00
[2022-03-05 17:57:54,557] {manager.py:1065} INFO - Finding 'running' jobs without a recent heartbeat
[2022-03-05 17:57:54,558] {manager.py:1069} INFO - Failing jobs without heartbeat after 2022-03-05 17:52:54.558896+00:00
[2022-03-05 17:58:04,594] {manager.py:1065} INFO - Finding 'running' jobs without a recent heartbeat
[2022-03-05 17:58:04,595] {manager.py:1069} INFO - Failing jobs without heartbeat after 2022-03-05 17:53:04.595882+00:00
[2022-03-05 17:58:14,644] {manager.py:1065} INFO - Finding 'running' jobs without a recent heartbeat
[2022-03-05 17:58:14,645] {manager.py:1069} INFO - Failing jobs without heartbeat after 2022-03-05 17:53:14.645924+00:00
[2022-03-05 17:58:24,658] {manager.py:1065} INFO - Finding 'running' jobs without a recent heartbeat
[2022-03-05 17:58:24,660] {manager.py:1069} INFO - Failing jobs without heartbeat after 2022-03-05 17:53:24.660367+00:00
[2022-03-05 17:58:34,711] {manager.py:1065} INFO - Finding 'running' jobs without a recent heartbeat
[2022-03-05 17:58:34,713] {manager.py:1069} INFO - Failing jobs without heartbeat after 2022-03-05 17:53:34.713818+00:00
[2022-03-05 17:58:44,746] {manager.py:1065} INFO - Finding 'running' jobs without a recent heartbeat
[2022-03-05 17:58:44,747] {manager.py:1069} INFO - Failing jobs without heartbeat after 2022-03-05 17:53:44.747834+00:00
[2022-03-05 17:58:54,767] {manager.py:1065} INFO - Finding 'running' jobs without a recent heartbeat
[2022-03-05 17:58:54,769] {manager.py:1069} INFO - Failing jobs without heartbeat after 2022-03-05 17:53:54.769568+00:00
[2022-03-05 17:59:04,807] {manager.py:1065} INFO - Finding 'running' jobs without a recent heartbeat
[2022-03-05 17:59:04,808] {manager.py:1069} INFO - Failing jobs without heartbeat after 2022-03-05 17:54:04.808664+00:00
[2022-03-05 17:59:14,857] {manager.py:1065} INFO - Finding 'running' jobs without a recent heartbeat
[2022-03-05 17:59:14,859] {manager.py:1069} INFO - Failing jobs without heartbeat after 2022-03-05 17:54:14.859647+00:00
[2022-03-05 17:59:24,885] {manager.py:1065} INFO - Finding 'running' jobs without a recent heartbeat
[2022-03-05 17:59:24,886] {manager.py:1069} INFO - Failing jobs without heartbeat after 2022-03-05 17:54:24.886696+00:00
[2022-03-05 17:59:34,928] {manager.py:1065} INFO - Finding 'running' jobs without a recent heartbeat
[2022-03-05 17:59:34,930] {manager.py:1069} INFO - Failing jobs without heartbeat after 2022-03-05 17:54:34.930587+00:00
[2022-03-05 17:59:44,977] {manager.py:1065} INFO - Finding 'running' jobs without a recent heartbeat
[2022-03-05 17:59:44,979] {manager.py:1069} INFO - Failing jobs without heartbeat after 2022-03-05 17:54:44.979166+00:00
[2022-03-05 17:59:54,990] {manager.py:1065} INFO - Finding 'running' jobs without a recent heartbeat
[2022-03-05 17:59:54,992] {manager.py:1069} INFO - Failing jobs without heartbeat after 2022-03-05 17:54:54.992433+00:00
